#
# A fatal error has been detected by the Java Runtime Environment:
#
#  EXCEPTION_ACCESS_VIOLATION (0xc0000005) at pc=0x00000000630b1d59, pid=2108, tid=4740
#
# JRE version: Java(TM) SE Runtime Environment (7.0_60-b19) (build 1.7.0_60-b19)
# Java VM: Java HotSpot(TM) 64-Bit Server VM (24.60-b09 mixed mode windows-amd64 compressed oops)
# Problematic frame:
# V  [jvm.dll+0x51d59]
#
# Failed to write core dump. Minidumps are not enabled by default on client versions of Windows
#
# If you would like to submit a bug report, please visit:
#   http://bugreport.sun.com/bugreport/crash.jsp
#

---------------  T H R E A D  ---------------

Current thread (0x000000000a6e7000):  JavaThread "Finalizer" daemon [_thread_in_vm, id=4740, stack(0x000000000baf0000,0x000000000bbf0000)]

siginfo: ExceptionCode=0xc0000005, reading address 0x0000000000000036

Registers:
RAX=0x0000000000000000, RBX=0x000000000a6e7000, RCX=0x0000000000000000, RDX=0x0000000000000036
RSP=0x000000000bbefbe8, RBP=0x000000000bbefd90, RSI=0x0000000000000000, RDI=0x0000000000000000
R8 =0x0000000000000000, R9 =0x0000000000000000, R10=0x0000000002000000, R11=0x0000000000000019
R12=0x0000000000000000, R13=0x0000000000000000, R14=0x0000000000000000, R15=0x0000000000000000
RIP=0x00000000630b1d59, EFLAGS=0x0000000000010246

Top of Stack: (sp=0x000000000bbefbe8)
0x000000000bbefbe8:   000000006325a190 0000000001e6c5c0
0x000000000bbefbf8:   000000000a6e7000 0000000000000000
0x000000000bbefc08:   0000000000000000 0000000000000000
0x000000000bbefc18:   000000006325a337 000000000a6e7000
0x000000000bbefc28:   0000000000000000 0000000000000000
0x000000000bbefc38:   0000000000000000 0000000000000000
0x000000000bbefc48:   0000000000000000 0000000000000000
0x000000000bbefc58:   0000000000000000 000000000a6e7000
0x000000000bbefc68:   00000000632ad34e 0000000000000000
0x000000000bbefc78:   0000000000000000 0000000000000000
0x000000000bbefc88:   0000000000000000 0000000000000000
0x000000000bbefc98:   0000000000000000 0000000000000000
0x000000000bbefca8:   0000000000000000 000000000000002d
0x000000000bbefcb8:   0000000000000000 0000000000000000
0x000000000bbefcc8:   0000000000000000 0000000000000000
0x000000000bbefcd8:   0000000000000000 0000000000000000 

Instructions: (pc=0x00000000630b1d59)
0x00000000630b1d39:   08 c3 cc cc cc cc cc 48 63 05 b5 a2 6e 00 89 14
0x00000000630b1d49:   08 c3 cc cc cc cc cc 48 63 15 b1 a2 6e 00 33 c0
0x00000000630b1d59:   38 04 0a 0f 95 c0 c3 48 63 05 a1 a2 6e 00 c6 04
0x00000000630b1d69:   08 01 c3 cc cc cc cc 48 63 15 89 a2 6e 00 33 c0 


Register to memory mapping:

RAX=0x0000000000000000 is an unknown value
RBX=0x000000000a6e7000 is a thread
RCX=0x0000000000000000 is an unknown value
RDX=0x0000000000000036 is an unknown value
RSP=0x000000000bbefbe8 is pointing into the stack for thread: 0x000000000a6e7000
RBP=0x000000000bbefd90 is pointing into the stack for thread: 0x000000000a6e7000
RSI=0x0000000000000000 is an unknown value
RDI=0x0000000000000000 is an unknown value
R8 =0x0000000000000000 is an unknown value
R9 =0x0000000000000000 is an unknown value
R10=0x0000000002000000 is an unknown value
R11=0x0000000000000019 is an unknown value
R12=0x0000000000000000 is an unknown value
R13=0x0000000000000000 is an unknown value
R14=0x0000000000000000 is an unknown value
R15=0x0000000000000000 is an unknown value


Stack: [0x000000000baf0000,0x000000000bbf0000],  sp=0x000000000bbefbe8,  free space=1022k
Native frames: (J=compiled Java code, j=interpreted, Vv=VM code, C=native code)
V  [jvm.dll+0x51d59]


---------------  P R O C E S S  ---------------

Java Threads: ( => current thread )
  0x000000000a743000 JavaThread "Service Thread" daemon [_thread_new, id=2712, stack(0x0000000000000000,0x0000000000000000)]
  0x000000000a740000 JavaThread "C2 CompilerThread1" daemon [_thread_blocked, id=2252, stack(0x000000000be40000,0x000000000bf40000)]
  0x000000000a73e800 JavaThread "C2 CompilerThread0" daemon [_thread_blocked, id=1168, stack(0x000000000c2a0000,0x000000000c3a0000)]
  0x000000000a73d000 JavaThread "Attach Listener" daemon [_thread_blocked, id=2896, stack(0x000000000c170000,0x000000000c270000)]
  0x000000000a735800 JavaThread "Signal Dispatcher" daemon [_thread_new, id=6820, stack(0x0000000000000000,0x0000000000000000)]
=>0x000000000a6e7000 JavaThread "Finalizer" daemon [_thread_in_vm, id=4740, stack(0x000000000baf0000,0x000000000bbf0000)]
  0x000000000a6e0000 JavaThread "Reference Handler" daemon [_thread_blocked, id=2024, stack(0x000000000b9d0000,0x000000000bad0000)]
  0x0000000001e6e800 JavaThread "main" [_thread_in_Java, id=2796, stack(0x0000000002120000,0x0000000002220000)]

Other Threads:
  0x000000000a6d8800 VMThread [stack: 0x000000000b7f0000,0x000000000b8f0000] [id=7104]
  0x000000000a756000 WatcherThread [stack: 0x000000000c640000,0x000000000c740000] [id=5728]

VM state:not at safepoint (normal execution)

VM Mutex/Monitor currently owned by a thread: None

Heap
 PSYoungGen      total 38400K, used 665K [0x00000007d5e00000, 0x00000007d8880000, 0x0000000800000000)
  eden space 33280K, 2% used [0x00000007d5e00000,0x00000007d5ea66d0,0x00000007d7e80000)
  from space 5120K, 0% used [0x00000007d8380000,0x00000007d8380000,0x00000007d8880000)
  to   space 5120K, 0% used [0x00000007d7e80000,0x00000007d7e80000,0x00000007d8380000)
 ParOldGen       total 86016K, used 0K [0x0000000781a00000, 0x0000000786e00000, 0x00000007d5e00000)
  object space 86016K, 0% used [0x0000000781a00000,0x0000000781a00000,0x0000000786e00000)
 PSPermGen       total 21504K, used 2524K [0x000000077c800000, 0x000000077dd00000, 0x0000000781a00000)
  object space 21504K, 11% used [0x000000077c800000,0x000000077ca772c8,0x000000077dd00000)

Card table byte_map: [0x0000000005220000,0x0000000005640000] byte_map_base: 0x000000000163c000

Polling page: 0x0000000000110000

Code Cache  [0x0000000002220000, 0x0000000002490000, 0x0000000005220000)
 total_blobs=168 nmethods=0 adapters=136 free_code_cache=48772Kb largest_free_block=49942912

Compilation events (0 events):
No events

GC Heap History (0 events):
No events

Deoptimization events (0 events):
No events

Internal exceptions (1 events):
Event: 0.232 Thread 0x0000000001e6e800 Threw 0x00000007d5e0bfd8 at C:\re\jdk7u60\1081\hotspot\src\share\vm\prims\jni.cpp:3991

Events (10 events):
Event: 0.264 loading class 0x0000000001e25c70
Event: 0.264 loading class 0x0000000001e25c70 done
Event: 0.264 loading class 0x0000000001e167d0
Event: 0.265 loading class 0x0000000001e167d0 done
Event: 0.265 loading class 0x0000000001e25fd0
Event: 0.265 loading class 0x0000000001e26030
Event: 0.265 loading class 0x0000000001e26030 done
Event: 0.265 loading class 0x0000000001e25fd0 done
Event: 0.265 loading class 0x0000000001e26000
Event: 0.265 loading class 0x0000000001e26000 done


Dynamic libraries:
0x000000013f650000 - 0x000000013f683000 	C:\Program Files\Java\jre7\bin\javaw.exe
0x00000000774a0000 - 0x000000007764a000 	C:\Windows\SYSTEM32\ntdll.dll
0x0000000077280000 - 0x000000007739f000 	C:\Windows\system32\kernel32.dll
0x000007fefd2f0000 - 0x000007fefd35a000 	C:\Windows\system32\KERNELBASE.dll
0x000007fefd5a0000 - 0x000007fefd67b000 	C:\Windows\system32\ADVAPI32.dll
0x000007fefe0d0000 - 0x000007fefe16f000 	C:\Windows\system32\msvcrt.dll
0x000007fefd680000 - 0x000007fefd69f000 	C:\Windows\SYSTEM32\sechost.dll
0x000007fefd720000 - 0x000007fefd84d000 	C:\Windows\system32\RPCRT4.dll
0x00000000773a0000 - 0x000000007749a000 	C:\Windows\system32\USER32.dll
0x000007fefe460000 - 0x000007fefe4c7000 	C:\Windows\system32\GDI32.dll
0x000007fefe240000 - 0x000007fefe24e000 	C:\Windows\system32\LPK.dll
0x000007fefe170000 - 0x000007fefe23a000 	C:\Windows\system32\USP10.dll
0x000007fefbb70000 - 0x000007fefbd64000 	C:\Windows\WinSxS\amd64_microsoft.windows.common-controls_6595b64144ccf1df_6.0.7601.18837_none_fa3b1e3d17594757\COMCTL32.dll
0x000007fefda30000 - 0x000007fefdaa1000 	C:\Windows\system32\SHLWAPI.dll
0x000007fefdd80000 - 0x000007fefddae000 	C:\Windows\system32\IMM32.DLL
0x000007fefe350000 - 0x000007fefe459000 	C:\Windows\system32\MSCTF.dll
0x000007fefd120000 - 0x000007fefd14f000 	C:\Windows\system32\nvinitx.dll
0x000000000f000000 - 0x000000000f006000 	C:\Program Files\NVIDIA Corporation\CoProcManager\_etoured.dll
0x000007fef9cc0000 - 0x000007fef9d1f000 	C:\Program Files\NVIDIA Corporation\CoProcManager\nvd3d9wrapx.dll
0x000007fefd850000 - 0x000007fefda27000 	C:\Windows\system32\SETUPAPI.dll
0x000007fefd3e0000 - 0x000007fefd416000 	C:\Windows\system32\CFGMGR32.dll
0x000007fefe7a0000 - 0x000007fefe878000 	C:\Windows\system32\OLEAUT32.dll
0x000007fefddb0000 - 0x000007fefdfb3000 	C:\Windows\system32\ole32.dll
0x000007fefd380000 - 0x000007fefd39a000 	C:\Windows\system32\DEVOBJ.dll
0x000007fef9950000 - 0x000007fef9996000 	C:\Program Files\NVIDIA Corporation\CoProcManager\nvdxgiwrapx.dll
0x0000000063840000 - 0x0000000063912000 	C:\Program Files\Java\jre7\bin\msvcr100.dll
0x0000000063060000 - 0x0000000063832000 	C:\Program Files\Java\jre7\bin\server\jvm.dll
0x000007fef8f70000 - 0x000007fef8f79000 	C:\Windows\system32\WSOCK32.dll
0x000007fefdfc0000 - 0x000007fefe00d000 	C:\Windows\system32\WS2_32.dll
0x000007feff610000 - 0x000007feff618000 	C:\Windows\system32\NSI.dll
0x000007fefb200000 - 0x000007fefb23b000 	C:\Windows\system32\WINMM.dll
0x0000000077670000 - 0x0000000077677000 	C:\Windows\system32\PSAPI.DLL
0x0000000073a20000 - 0x0000000073a2f000 	C:\Program Files\Java\jre7\bin\verify.dll
0x000000006a340000 - 0x000000006a368000 	C:\Program Files\Java\jre7\bin\java.dll
0x0000000073730000 - 0x0000000073745000 	C:\Program Files\Java\jre7\bin\zip.dll
0x000007fef7680000 - 0x000007fef77a5000 	C:\Windows\system32\dbghelp.dll

VM Arguments:
jvm_args: -Dfile.encoding=UTF-8 
java_command: org.eclipse.jdt.internal.junit.runner.RemoteTestRunner -version 3 -port 51219 -testLoaderClass org.eclipse.jdt.internal.junit4.runner.JUnit4TestLoader -loaderpluginname org.eclipse.jdt.junit4.runtime -classNames com.cognizant.assignment.test.AccountTransactionTest
Launcher Type: SUN_STANDARD

Environment Variables:
JAVA_HOME=C:\Program Files\Java\jdk1.7.0_60
CLASSPATH=.;C:\Program Files (x86)\Java\jre6\lib\ext\QTJava.zip
PATH=C:/Program Files/Java/jre1.8.0_121/bin/server;C:/Program Files/Java/jre1.8.0_121/bin;C:/Program Files/Java/jre1.8.0_121/lib/amd64;C:\Program Files\Java\jre1.8.0_121\bin;C:\oraclexe\app\oracle\product\10.2.0\server\bin;C:\Program Files (x86)\PC Connectivity Solution\;C:\Program Files\Common Files\Microsoft Shared\Windows Live;C:\Program Files (x86)\Common Files\Microsoft Shared\Windows Live;C:\Windows\system32;C:\Windows;C:\Windows\System32\Wbem;C:\Windows\System32\WindowsPowerShell\v1.0\;C:\Program Files\Intel\WiFi\bin\;C:\Program Files\Common Files\Intel\WirelessCommon\;C:\Program Files (x86)\Windows Live\Shared;C:\Program Files (x86)\Common Files\Roxio Shared\DLLShared\;C:\Program Files (x86)\Common Files\Roxio Shared\OEM\DLLShared\;C:\Program Files (x86)\Common Files\Roxio Shared\OEM\DLLShared\;C:\Program Files (x86)\Common Files\Roxio Shared\OEM\12.0\DLLShared\;C:\Program Files (x86)\Roxio\OEM\AudioCore\;c:\Program Files (x86)\Microsoft SQL Server\90\Tools\binn\;C:\Program Files (x86)\QuickTime\QTSystem\;C:\Program Files (x86)\Brackets\command;C:\Program Files (x86)\Skype\Phone\;C:\hadoop-2.5.2\bin;H:\Software\database softwares\mysql-5.7.13-winx64\mysql-5.7.13-winx64\bin;C:\Program Files\PostgreSQL\pg92\bin;C:\Program Files\nodejs\;C:\Program Files\Git\cmd;C:\Sun\AppServer\bin;C:\Program Files\Java\jdk1.8.0_121\bin;C:\Users\SANKET\AppData\Roaming\npm;C:\Program Files\Docker Toolbox;H:\Software\java softwares\eclipse-jee-kepler\eclipse;
USERNAME=SANKET
OS=Windows_NT
PROCESSOR_IDENTIFIER=Intel64 Family 6 Model 42 Stepping 7, GenuineIntel



---------------  S Y S T E M  ---------------

OS: Windows 7 , 64 bit Build 7601 Service Pack 1

CPU:total 4 (2 cores per cpu, 2 threads per core) family 6 model 42 stepping 7, cmov, cx8, fxsr, mmx, sse, sse2, sse3, ssse3, sse4.1, sse4.2, popcnt, avx, ht, tsc, tscinvbit

Memory: 4k page, physical 8280236k(4084072k free), swap 16558612k(11227792k free)

vm_info: Java HotSpot(TM) 64-Bit Server VM (24.60-b09) for windows-amd64 JRE (1.7.0_60-b19), built on May  7 2014 12:55:18 by "java_re" with unknown MS VC++:1600

time: Fri Feb 17 21:16:08 2017
elapsed time: 0 seconds

